<?xml version="1.0" encoding="UTF-8"?>
<testsuite xmlns:xsi="http://www.w3.org/2001/XMLSchema-instance" xsi:noNamespaceSchemaLocation="https://maven.apache.org/surefire/maven-surefire-plugin/xsd/surefire-test-report-3.0.xsd" version="3.0" name="sample.spring.xsuaa.junitjupiter.ApplicationTest" time="0.028" tests="1" errors="0" skipped="0" failures="0">
  <properties>
    <property name="awt.toolkit" value="sun.awt.X11.XToolkit"/>
    <property name="java.specification.version" value="11"/>
    <property name="sun.cpu.isalist" value=""/>
    <property name="sun.jnu.encoding" value="ANSI_X3.4-1968"/>
    <property name="java.class.path" value="/home/user/projects/app_spring_xsuaa/target/test-classes:/home/user/projects/app_spring_xsuaa/target/classes:/home/user/.m2/repository/org/springframework/boot/spring-boot-starter-web/2.5.2/spring-boot-starter-web-2.5.2.jar:/home/user/.m2/repository/org/springframework/boot/spring-boot-starter/2.5.2/spring-boot-starter-2.5.2.jar:/home/user/.m2/repository/org/springframework/boot/spring-boot/2.5.2/spring-boot-2.5.2.jar:/home/user/.m2/repository/org/springframework/boot/spring-boot-autoconfigure/2.5.2/spring-boot-autoconfigure-2.5.2.jar:/home/user/.m2/repository/org/springframework/boot/spring-boot-starter-logging/2.5.2/spring-boot-starter-logging-2.5.2.jar:/home/user/.m2/repository/ch/qos/logback/logback-classic/1.2.3/logback-classic-1.2.3.jar:/home/user/.m2/repository/ch/qos/logback/logback-core/1.2.3/logback-core-1.2.3.jar:/home/user/.m2/repository/org/slf4j/jul-to-slf4j/1.7.31/jul-to-slf4j-1.7.31.jar:/home/user/.m2/repository/jakarta/annotation/jakarta.annotation-api/1.3.5/jakarta.annotation-api-1.3.5.jar:/home/user/.m2/repository/org/yaml/snakeyaml/1.28/snakeyaml-1.28.jar:/home/user/.m2/repository/org/springframework/boot/spring-boot-starter-json/2.5.2/spring-boot-starter-json-2.5.2.jar:/home/user/.m2/repository/com/fasterxml/jackson/core/jackson-databind/2.12.3/jackson-databind-2.12.3.jar:/home/user/.m2/repository/com/fasterxml/jackson/datatype/jackson-datatype-jdk8/2.12.3/jackson-datatype-jdk8-2.12.3.jar:/home/user/.m2/repository/com/fasterxml/jackson/datatype/jackson-datatype-jsr310/2.12.3/jackson-datatype-jsr310-2.12.3.jar:/home/user/.m2/repository/com/fasterxml/jackson/module/jackson-module-parameter-names/2.12.3/jackson-module-parameter-names-2.12.3.jar:/home/user/.m2/repository/org/springframework/boot/spring-boot-starter-tomcat/2.5.2/spring-boot-starter-tomcat-2.5.2.jar:/home/user/.m2/repository/org/apache/tomcat/embed/tomcat-embed-core/9.0.48/tomcat-embed-core-9.0.48.jar:/home/user/.m2/repository/org/apache/tomcat/embed/tomcat-embed-el/9.0.48/tomcat-embed-el-9.0.48.jar:/home/user/.m2/repository/org/apache/tomcat/embed/tomcat-embed-websocket/9.0.48/tomcat-embed-websocket-9.0.48.jar:/home/user/.m2/repository/org/springframework/spring-web/5.3.8/spring-web-5.3.8.jar:/home/user/.m2/repository/org/springframework/spring-beans/5.3.8/spring-beans-5.3.8.jar:/home/user/.m2/repository/org/springframework/spring-webmvc/5.3.8/spring-webmvc-5.3.8.jar:/home/user/.m2/repository/org/springframework/spring-aop/5.3.8/spring-aop-5.3.8.jar:/home/user/.m2/repository/org/springframework/spring-context/5.3.8/spring-context-5.3.8.jar:/home/user/.m2/repository/org/springframework/spring-expression/5.3.8/spring-expression-5.3.8.jar:/home/user/.m2/repository/com/sap/cloud/security/xsuaa/xsuaa-spring-boot-starter/2.11.13/xsuaa-spring-boot-starter-2.11.13.jar:/home/user/.m2/repository/com/sap/cloud/security/xsuaa/spring-xsuaa/2.11.13/spring-xsuaa-2.11.13.jar:/home/user/.m2/repository/javax/annotation/javax.annotation-api/1.3.2/javax.annotation-api-1.3.2.jar:/home/user/.m2/repository/org/apache/logging/log4j/log4j-to-slf4j/2.14.1/log4j-to-slf4j-2.14.1.jar:/home/user/.m2/repository/org/apache/logging/log4j/log4j-api/2.14.1/log4j-api-2.14.1.jar:/home/user/.m2/repository/com/sap/cloud/security/xsuaa/api/2.11.13/api-2.11.13.jar:/home/user/.m2/repository/com/sap/cloud/security/java-api/2.11.13/java-api-2.11.13.jar:/home/user/.m2/repository/com/github/spotbugs/spotbugs-annotations/4.5.3/spotbugs-annotations-4.5.3.jar:/home/user/.m2/repository/com/sap/cloud/security/env/2.11.13/env-2.11.13.jar:/home/user/.m2/repository/com/sap/cloud/security/xsuaa/token-client/2.11.13/token-client-2.11.13.jar:/home/user/.m2/repository/org/json/json/20211205/json-20211205.jar:/home/user/.m2/repository/com/github/ben-manes/caffeine/caffeine/2.9.1/caffeine-2.9.1.jar:/home/user/.m2/repository/org/checkerframework/checker-qual/3.10.0/checker-qual-3.10.0.jar:/home/user/.m2/repository/com/google/errorprone/error_prone_annotations/2.5.1/error_prone_annotations-2.5.1.jar:/home/user/.m2/repository/commons-io/commons-io/2.11.0/commons-io-2.11.0.jar:/home/user/.m2/repository/org/springframework/boot/spring-boot-starter-security/2.5.2/spring-boot-starter-security-2.5.2.jar:/home/user/.m2/repository/org/springframework/security/spring-security-config/5.5.1/spring-security-config-5.5.1.jar:/home/user/.m2/repository/org/springframework/security/spring-security-web/5.5.1/spring-security-web-5.5.1.jar:/home/user/.m2/repository/org/springframework/security/spring-security-oauth2-jose/5.5.1/spring-security-oauth2-jose-5.5.1.jar:/home/user/.m2/repository/org/springframework/security/spring-security-core/5.5.1/spring-security-core-5.5.1.jar:/home/user/.m2/repository/org/springframework/security/spring-security-crypto/5.5.1/spring-security-crypto-5.5.1.jar:/home/user/.m2/repository/org/springframework/security/spring-security-oauth2-core/5.5.1/spring-security-oauth2-core-5.5.1.jar:/home/user/.m2/repository/com/nimbusds/nimbus-jose-jwt/9.10/nimbus-jose-jwt-9.10.jar:/home/user/.m2/repository/com/github/stephenc/jcip/jcip-annotations/1.0-1/jcip-annotations-1.0-1.jar:/home/user/.m2/repository/org/springframework/security/spring-security-oauth2-resource-server/5.5.1/spring-security-oauth2-resource-server-5.5.1.jar:/home/user/.m2/repository/org/apache/httpcomponents/httpclient/4.5.13/httpclient-4.5.13.jar:/home/user/.m2/repository/org/apache/httpcomponents/httpcore/4.4.14/httpcore-4.4.14.jar:/home/user/.m2/repository/commons-codec/commons-codec/1.15/commons-codec-1.15.jar:/home/user/.m2/repository/org/springframework/boot/spring-boot-starter-test/2.5.2/spring-boot-starter-test-2.5.2.jar:/home/user/.m2/repository/org/springframework/boot/spring-boot-test/2.5.2/spring-boot-test-2.5.2.jar:/home/user/.m2/repository/org/springframework/boot/spring-boot-test-autoconfigure/2.5.2/spring-boot-test-autoconfigure-2.5.2.jar:/home/user/.m2/repository/com/jayway/jsonpath/json-path/2.5.0/json-path-2.5.0.jar:/home/user/.m2/repository/net/minidev/json-smart/2.4.7/json-smart-2.4.7.jar:/home/user/.m2/repository/net/minidev/accessors-smart/2.4.7/accessors-smart-2.4.7.jar:/home/user/.m2/repository/org/slf4j/slf4j-api/1.7.31/slf4j-api-1.7.31.jar:/home/user/.m2/repository/jakarta/xml/bind/jakarta.xml.bind-api/2.3.3/jakarta.xml.bind-api-2.3.3.jar:/home/user/.m2/repository/jakarta/activation/jakarta.activation-api/1.2.2/jakarta.activation-api-1.2.2.jar:/home/user/.m2/repository/org/assertj/assertj-core/3.19.0/assertj-core-3.19.0.jar:/home/user/.m2/repository/org/hamcrest/hamcrest/2.2/hamcrest-2.2.jar:/home/user/.m2/repository/org/junit/jupiter/junit-jupiter/5.7.2/junit-jupiter-5.7.2.jar:/home/user/.m2/repository/org/junit/jupiter/junit-jupiter-params/5.7.2/junit-jupiter-params-5.7.2.jar:/home/user/.m2/repository/org/mockito/mockito-core/3.9.0/mockito-core-3.9.0.jar:/home/user/.m2/repository/net/bytebuddy/byte-buddy/1.10.22/byte-buddy-1.10.22.jar:/home/user/.m2/repository/net/bytebuddy/byte-buddy-agent/1.10.22/byte-buddy-agent-1.10.22.jar:/home/user/.m2/repository/org/objenesis/objenesis/3.2/objenesis-3.2.jar:/home/user/.m2/repository/org/mockito/mockito-junit-jupiter/3.9.0/mockito-junit-jupiter-3.9.0.jar:/home/user/.m2/repository/org/skyscreamer/jsonassert/1.5.0/jsonassert-1.5.0.jar:/home/user/.m2/repository/com/vaadin/external/google/android-json/0.0.20131108.vaadin1/android-json-0.0.20131108.vaadin1.jar:/home/user/.m2/repository/org/springframework/spring-core/5.3.8/spring-core-5.3.8.jar:/home/user/.m2/repository/org/springframework/spring-jcl/5.3.8/spring-jcl-5.3.8.jar:/home/user/.m2/repository/org/springframework/spring-test/5.3.8/spring-test-5.3.8.jar:/home/user/.m2/repository/org/xmlunit/xmlunit-core/2.8.2/xmlunit-core-2.8.2.jar:/home/user/.m2/repository/com/sap/cloud/security/java-security-test/2.11.13/java-security-test-2.11.13.jar:/home/user/.m2/repository/com/sap/cloud/security/java-security/2.11.13/java-security-2.11.13.jar:/home/user/.m2/repository/junit/junit/4.13.2/junit-4.13.2.jar:/home/user/.m2/repository/org/hamcrest/hamcrest-core/2.2/hamcrest-core-2.2.jar:/home/user/.m2/repository/org/junit/jupiter/junit-jupiter-api/5.7.2/junit-jupiter-api-5.7.2.jar:/home/user/.m2/repository/org/opentest4j/opentest4j/1.2.0/opentest4j-1.2.0.jar:/home/user/.m2/repository/org/junit/platform/junit-platform-commons/1.7.2/junit-platform-commons-1.7.2.jar:/home/user/.m2/repository/org/eclipse/jetty/jetty-server/9.4.42.v20210604/jetty-server-9.4.42.v20210604.jar:/home/user/.m2/repository/org/eclipse/jetty/jetty-http/9.4.42.v20210604/jetty-http-9.4.42.v20210604.jar:/home/user/.m2/repository/org/eclipse/jetty/jetty-servlet/9.4.42.v20210604/jetty-servlet-9.4.42.v20210604.jar:/home/user/.m2/repository/org/eclipse/jetty/jetty-security/9.4.42.v20210604/jetty-security-9.4.42.v20210604.jar:/home/user/.m2/repository/org/eclipse/jetty/jetty-util-ajax/9.4.42.v20210604/jetty-util-ajax-9.4.42.v20210604.jar:/home/user/.m2/repository/org/eclipse/jetty/jetty-webapp/9.4.42.v20210604/jetty-webapp-9.4.42.v20210604.jar:/home/user/.m2/repository/org/eclipse/jetty/jetty-xml/9.4.42.v20210604/jetty-xml-9.4.42.v20210604.jar:/home/user/.m2/repository/org/eclipse/jetty/jetty-annotations/9.4.42.v20210604/jetty-annotations-9.4.42.v20210604.jar:/home/user/.m2/repository/org/eclipse/jetty/jetty-plus/9.4.42.v20210604/jetty-plus-9.4.42.v20210604.jar:/home/user/.m2/repository/org/eclipse/jetty/jetty-jndi/9.4.42.v20210604/jetty-jndi-9.4.42.v20210604.jar:/home/user/.m2/repository/org/ow2/asm/asm/9.0/asm-9.0.jar:/home/user/.m2/repository/org/ow2/asm/asm-commons/9.0/asm-commons-9.0.jar:/home/user/.m2/repository/org/ow2/asm/asm-tree/9.0/asm-tree-9.0.jar:/home/user/.m2/repository/org/ow2/asm/asm-analysis/9.0/asm-analysis-9.0.jar:/home/user/.m2/repository/org/eclipse/jetty/jetty-io/9.4.42.v20210604/jetty-io-9.4.42.v20210604.jar:/home/user/.m2/repository/org/eclipse/jetty/jetty-util/9.4.42.v20210604/jetty-util-9.4.42.v20210604.jar:/home/user/.m2/repository/com/github/tomakehurst/wiremock-jre8/2.32.0/wiremock-jre8-2.32.0.jar:/home/user/.m2/repository/org/eclipse/jetty/jetty-servlets/9.4.42.v20210604/jetty-servlets-9.4.42.v20210604.jar:/home/user/.m2/repository/org/eclipse/jetty/jetty-continuation/9.4.42.v20210604/jetty-continuation-9.4.42.v20210604.jar:/home/user/.m2/repository/org/eclipse/jetty/jetty-proxy/9.4.42.v20210604/jetty-proxy-9.4.42.v20210604.jar:/home/user/.m2/repository/org/eclipse/jetty/jetty-client/9.4.42.v20210604/jetty-client-9.4.42.v20210604.jar:/home/user/.m2/repository/org/eclipse/jetty/http2/http2-server/9.4.42.v20210604/http2-server-9.4.42.v20210604.jar:/home/user/.m2/repository/org/eclipse/jetty/http2/http2-common/9.4.42.v20210604/http2-common-9.4.42.v20210604.jar:/home/user/.m2/repository/org/eclipse/jetty/http2/http2-hpack/9.4.42.v20210604/http2-hpack-9.4.42.v20210604.jar:/home/user/.m2/repository/org/eclipse/jetty/jetty-alpn-server/9.4.42.v20210604/jetty-alpn-server-9.4.42.v20210604.jar:/home/user/.m2/repository/org/eclipse/jetty/jetty-alpn-java-server/9.4.42.v20210604/jetty-alpn-java-server-9.4.42.v20210604.jar:/home/user/.m2/repository/org/eclipse/jetty/jetty-alpn-openjdk8-server/9.4.42.v20210604/jetty-alpn-openjdk8-server-9.4.42.v20210604.jar:/home/user/.m2/repository/org/eclipse/jetty/jetty-alpn-java-client/9.4.42.v20210604/jetty-alpn-java-client-9.4.42.v20210604.jar:/home/user/.m2/repository/org/eclipse/jetty/jetty-alpn-client/9.4.42.v20210604/jetty-alpn-client-9.4.42.v20210604.jar:/home/user/.m2/repository/org/eclipse/jetty/jetty-alpn-openjdk8-client/9.4.42.v20210604/jetty-alpn-openjdk8-client-9.4.42.v20210604.jar:/home/user/.m2/repository/com/google/guava/guava/31.0.1-jre/guava-31.0.1-jre.jar:/home/user/.m2/repository/com/google/guava/failureaccess/1.0.1/failureaccess-1.0.1.jar:/home/user/.m2/repository/com/google/guava/listenablefuture/9999.0-empty-to-avoid-conflict-with-guava/listenablefuture-9999.0-empty-to-avoid-conflict-with-guava.jar:/home/user/.m2/repository/com/google/code/findbugs/jsr305/3.0.2/jsr305-3.0.2.jar:/home/user/.m2/repository/com/google/j2objc/j2objc-annotations/1.3/j2objc-annotations-1.3.jar:/home/user/.m2/repository/com/fasterxml/jackson/core/jackson-core/2.12.3/jackson-core-2.12.3.jar:/home/user/.m2/repository/com/fasterxml/jackson/core/jackson-annotations/2.12.3/jackson-annotations-2.12.3.jar:/home/user/.m2/repository/org/apache/httpcomponents/client5/httpclient5/5.0.4/httpclient5-5.0.4.jar:/home/user/.m2/repository/org/apache/httpcomponents/core5/httpcore5/5.1.1/httpcore5-5.1.1.jar:/home/user/.m2/repository/org/apache/httpcomponents/core5/httpcore5-h2/5.1.1/httpcore5-h2-5.1.1.jar:/home/user/.m2/repository/org/xmlunit/xmlunit-legacy/2.8.2/xmlunit-legacy-2.8.2.jar:/home/user/.m2/repository/org/xmlunit/xmlunit-placeholders/2.8.2/xmlunit-placeholders-2.8.2.jar:/home/user/.m2/repository/net/javacrumbs/json-unit/json-unit-core/2.28.0/json-unit-core-2.28.0.jar:/home/user/.m2/repository/net/sf/jopt-simple/jopt-simple/5.0.4/jopt-simple-5.0.4.jar:/home/user/.m2/repository/org/apache/commons/commons-lang3/3.12.0/commons-lang3-3.12.0.jar:/home/user/.m2/repository/com/github/jknack/handlebars/4.3.0/handlebars-4.3.0.jar:/home/user/.m2/repository/com/github/jknack/handlebars-helpers/4.3.0/handlebars-helpers-4.3.0.jar:/home/user/.m2/repository/commons-fileupload/commons-fileupload/1.4/commons-fileupload-1.4.jar:/home/user/.m2/repository/org/junit/vintage/junit-vintage-engine/5.7.0/junit-vintage-engine-5.7.0.jar:/home/user/.m2/repository/org/apiguardian/apiguardian-api/1.1.0/apiguardian-api-1.1.0.jar:/home/user/.m2/repository/org/junit/platform/junit-platform-engine/1.7.2/junit-platform-engine-1.7.2.jar:/home/user/.m2/repository/org/junit/jupiter/junit-jupiter-engine/5.7.2/junit-jupiter-engine-5.7.2.jar:"/>
    <property name="java.vm.vendor" value="SAP SE"/>
    <property name="sun.arch.data.model" value="64"/>
    <property name="java.vendor.url" value="https://sapmachine.io/"/>
    <property name="user.timezone" value="Etc/UTC"/>
    <property name="java.vm.specification.version" value="11"/>
    <property name="os.name" value="Linux"/>
    <property name="sun.java.launcher" value="SUN_STANDARD"/>
    <property name="user.country" value="US"/>
    <property name="sun.boot.library.path" value="/usr/lib/sapmachine-jdk/sapmachine-jdk-11.0.6.0.1/lib"/>
    <property name="sun.java.command" value="/home/user/projects/app_spring_xsuaa/target/surefire/surefirebooter6764416912968135497.jar /home/user/projects/app_spring_xsuaa/target/surefire 2022-02-25T11-44-28_194-jvmRun1 surefire13583980930837810611tmp surefire_01575766603027321082tmp"/>
    <property name="jdk.debug" value="release"/>
    <property name="surefire.test.class.path" value="/home/user/projects/app_spring_xsuaa/target/test-classes:/home/user/projects/app_spring_xsuaa/target/classes:/home/user/.m2/repository/org/springframework/boot/spring-boot-starter-web/2.5.2/spring-boot-starter-web-2.5.2.jar:/home/user/.m2/repository/org/springframework/boot/spring-boot-starter/2.5.2/spring-boot-starter-2.5.2.jar:/home/user/.m2/repository/org/springframework/boot/spring-boot/2.5.2/spring-boot-2.5.2.jar:/home/user/.m2/repository/org/springframework/boot/spring-boot-autoconfigure/2.5.2/spring-boot-autoconfigure-2.5.2.jar:/home/user/.m2/repository/org/springframework/boot/spring-boot-starter-logging/2.5.2/spring-boot-starter-logging-2.5.2.jar:/home/user/.m2/repository/ch/qos/logback/logback-classic/1.2.3/logback-classic-1.2.3.jar:/home/user/.m2/repository/ch/qos/logback/logback-core/1.2.3/logback-core-1.2.3.jar:/home/user/.m2/repository/org/slf4j/jul-to-slf4j/1.7.31/jul-to-slf4j-1.7.31.jar:/home/user/.m2/repository/jakarta/annotation/jakarta.annotation-api/1.3.5/jakarta.annotation-api-1.3.5.jar:/home/user/.m2/repository/org/yaml/snakeyaml/1.28/snakeyaml-1.28.jar:/home/user/.m2/repository/org/springframework/boot/spring-boot-starter-json/2.5.2/spring-boot-starter-json-2.5.2.jar:/home/user/.m2/repository/com/fasterxml/jackson/core/jackson-databind/2.12.3/jackson-databind-2.12.3.jar:/home/user/.m2/repository/com/fasterxml/jackson/datatype/jackson-datatype-jdk8/2.12.3/jackson-datatype-jdk8-2.12.3.jar:/home/user/.m2/repository/com/fasterxml/jackson/datatype/jackson-datatype-jsr310/2.12.3/jackson-datatype-jsr310-2.12.3.jar:/home/user/.m2/repository/com/fasterxml/jackson/module/jackson-module-parameter-names/2.12.3/jackson-module-parameter-names-2.12.3.jar:/home/user/.m2/repository/org/springframework/boot/spring-boot-starter-tomcat/2.5.2/spring-boot-starter-tomcat-2.5.2.jar:/home/user/.m2/repository/org/apache/tomcat/embed/tomcat-embed-core/9.0.48/tomcat-embed-core-9.0.48.jar:/home/user/.m2/repository/org/apache/tomcat/embed/tomcat-embed-el/9.0.48/tomcat-embed-el-9.0.48.jar:/home/user/.m2/repository/org/apache/tomcat/embed/tomcat-embed-websocket/9.0.48/tomcat-embed-websocket-9.0.48.jar:/home/user/.m2/repository/org/springframework/spring-web/5.3.8/spring-web-5.3.8.jar:/home/user/.m2/repository/org/springframework/spring-beans/5.3.8/spring-beans-5.3.8.jar:/home/user/.m2/repository/org/springframework/spring-webmvc/5.3.8/spring-webmvc-5.3.8.jar:/home/user/.m2/repository/org/springframework/spring-aop/5.3.8/spring-aop-5.3.8.jar:/home/user/.m2/repository/org/springframework/spring-context/5.3.8/spring-context-5.3.8.jar:/home/user/.m2/repository/org/springframework/spring-expression/5.3.8/spring-expression-5.3.8.jar:/home/user/.m2/repository/com/sap/cloud/security/xsuaa/xsuaa-spring-boot-starter/2.11.13/xsuaa-spring-boot-starter-2.11.13.jar:/home/user/.m2/repository/com/sap/cloud/security/xsuaa/spring-xsuaa/2.11.13/spring-xsuaa-2.11.13.jar:/home/user/.m2/repository/javax/annotation/javax.annotation-api/1.3.2/javax.annotation-api-1.3.2.jar:/home/user/.m2/repository/org/apache/logging/log4j/log4j-to-slf4j/2.14.1/log4j-to-slf4j-2.14.1.jar:/home/user/.m2/repository/org/apache/logging/log4j/log4j-api/2.14.1/log4j-api-2.14.1.jar:/home/user/.m2/repository/com/sap/cloud/security/xsuaa/api/2.11.13/api-2.11.13.jar:/home/user/.m2/repository/com/sap/cloud/security/java-api/2.11.13/java-api-2.11.13.jar:/home/user/.m2/repository/com/github/spotbugs/spotbugs-annotations/4.5.3/spotbugs-annotations-4.5.3.jar:/home/user/.m2/repository/com/sap/cloud/security/env/2.11.13/env-2.11.13.jar:/home/user/.m2/repository/com/sap/cloud/security/xsuaa/token-client/2.11.13/token-client-2.11.13.jar:/home/user/.m2/repository/org/json/json/20211205/json-20211205.jar:/home/user/.m2/repository/com/github/ben-manes/caffeine/caffeine/2.9.1/caffeine-2.9.1.jar:/home/user/.m2/repository/org/checkerframework/checker-qual/3.10.0/checker-qual-3.10.0.jar:/home/user/.m2/repository/com/google/errorprone/error_prone_annotations/2.5.1/error_prone_annotations-2.5.1.jar:/home/user/.m2/repository/commons-io/commons-io/2.11.0/commons-io-2.11.0.jar:/home/user/.m2/repository/org/springframework/boot/spring-boot-starter-security/2.5.2/spring-boot-starter-security-2.5.2.jar:/home/user/.m2/repository/org/springframework/security/spring-security-config/5.5.1/spring-security-config-5.5.1.jar:/home/user/.m2/repository/org/springframework/security/spring-security-web/5.5.1/spring-security-web-5.5.1.jar:/home/user/.m2/repository/org/springframework/security/spring-security-oauth2-jose/5.5.1/spring-security-oauth2-jose-5.5.1.jar:/home/user/.m2/repository/org/springframework/security/spring-security-core/5.5.1/spring-security-core-5.5.1.jar:/home/user/.m2/repository/org/springframework/security/spring-security-crypto/5.5.1/spring-security-crypto-5.5.1.jar:/home/user/.m2/repository/org/springframework/security/spring-security-oauth2-core/5.5.1/spring-security-oauth2-core-5.5.1.jar:/home/user/.m2/repository/com/nimbusds/nimbus-jose-jwt/9.10/nimbus-jose-jwt-9.10.jar:/home/user/.m2/repository/com/github/stephenc/jcip/jcip-annotations/1.0-1/jcip-annotations-1.0-1.jar:/home/user/.m2/repository/org/springframework/security/spring-security-oauth2-resource-server/5.5.1/spring-security-oauth2-resource-server-5.5.1.jar:/home/user/.m2/repository/org/apache/httpcomponents/httpclient/4.5.13/httpclient-4.5.13.jar:/home/user/.m2/repository/org/apache/httpcomponents/httpcore/4.4.14/httpcore-4.4.14.jar:/home/user/.m2/repository/commons-codec/commons-codec/1.15/commons-codec-1.15.jar:/home/user/.m2/repository/org/springframework/boot/spring-boot-starter-test/2.5.2/spring-boot-starter-test-2.5.2.jar:/home/user/.m2/repository/org/springframework/boot/spring-boot-test/2.5.2/spring-boot-test-2.5.2.jar:/home/user/.m2/repository/org/springframework/boot/spring-boot-test-autoconfigure/2.5.2/spring-boot-test-autoconfigure-2.5.2.jar:/home/user/.m2/repository/com/jayway/jsonpath/json-path/2.5.0/json-path-2.5.0.jar:/home/user/.m2/repository/net/minidev/json-smart/2.4.7/json-smart-2.4.7.jar:/home/user/.m2/repository/net/minidev/accessors-smart/2.4.7/accessors-smart-2.4.7.jar:/home/user/.m2/repository/org/slf4j/slf4j-api/1.7.31/slf4j-api-1.7.31.jar:/home/user/.m2/repository/jakarta/xml/bind/jakarta.xml.bind-api/2.3.3/jakarta.xml.bind-api-2.3.3.jar:/home/user/.m2/repository/jakarta/activation/jakarta.activation-api/1.2.2/jakarta.activation-api-1.2.2.jar:/home/user/.m2/repository/org/assertj/assertj-core/3.19.0/assertj-core-3.19.0.jar:/home/user/.m2/repository/org/hamcrest/hamcrest/2.2/hamcrest-2.2.jar:/home/user/.m2/repository/org/junit/jupiter/junit-jupiter/5.7.2/junit-jupiter-5.7.2.jar:/home/user/.m2/repository/org/junit/jupiter/junit-jupiter-params/5.7.2/junit-jupiter-params-5.7.2.jar:/home/user/.m2/repository/org/mockito/mockito-core/3.9.0/mockito-core-3.9.0.jar:/home/user/.m2/repository/net/bytebuddy/byte-buddy/1.10.22/byte-buddy-1.10.22.jar:/home/user/.m2/repository/net/bytebuddy/byte-buddy-agent/1.10.22/byte-buddy-agent-1.10.22.jar:/home/user/.m2/repository/org/objenesis/objenesis/3.2/objenesis-3.2.jar:/home/user/.m2/repository/org/mockito/mockito-junit-jupiter/3.9.0/mockito-junit-jupiter-3.9.0.jar:/home/user/.m2/repository/org/skyscreamer/jsonassert/1.5.0/jsonassert-1.5.0.jar:/home/user/.m2/repository/com/vaadin/external/google/android-json/0.0.20131108.vaadin1/android-json-0.0.20131108.vaadin1.jar:/home/user/.m2/repository/org/springframework/spring-core/5.3.8/spring-core-5.3.8.jar:/home/user/.m2/repository/org/springframework/spring-jcl/5.3.8/spring-jcl-5.3.8.jar:/home/user/.m2/repository/org/springframework/spring-test/5.3.8/spring-test-5.3.8.jar:/home/user/.m2/repository/org/xmlunit/xmlunit-core/2.8.2/xmlunit-core-2.8.2.jar:/home/user/.m2/repository/com/sap/cloud/security/java-security-test/2.11.13/java-security-test-2.11.13.jar:/home/user/.m2/repository/com/sap/cloud/security/java-security/2.11.13/java-security-2.11.13.jar:/home/user/.m2/repository/junit/junit/4.13.2/junit-4.13.2.jar:/home/user/.m2/repository/org/hamcrest/hamcrest-core/2.2/hamcrest-core-2.2.jar:/home/user/.m2/repository/org/junit/jupiter/junit-jupiter-api/5.7.2/junit-jupiter-api-5.7.2.jar:/home/user/.m2/repository/org/opentest4j/opentest4j/1.2.0/opentest4j-1.2.0.jar:/home/user/.m2/repository/org/junit/platform/junit-platform-commons/1.7.2/junit-platform-commons-1.7.2.jar:/home/user/.m2/repository/org/eclipse/jetty/jetty-server/9.4.42.v20210604/jetty-server-9.4.42.v20210604.jar:/home/user/.m2/repository/org/eclipse/jetty/jetty-http/9.4.42.v20210604/jetty-http-9.4.42.v20210604.jar:/home/user/.m2/repository/org/eclipse/jetty/jetty-servlet/9.4.42.v20210604/jetty-servlet-9.4.42.v20210604.jar:/home/user/.m2/repository/org/eclipse/jetty/jetty-security/9.4.42.v20210604/jetty-security-9.4.42.v20210604.jar:/home/user/.m2/repository/org/eclipse/jetty/jetty-util-ajax/9.4.42.v20210604/jetty-util-ajax-9.4.42.v20210604.jar:/home/user/.m2/repository/org/eclipse/jetty/jetty-webapp/9.4.42.v20210604/jetty-webapp-9.4.42.v20210604.jar:/home/user/.m2/repository/org/eclipse/jetty/jetty-xml/9.4.42.v20210604/jetty-xml-9.4.42.v20210604.jar:/home/user/.m2/repository/org/eclipse/jetty/jetty-annotations/9.4.42.v20210604/jetty-annotations-9.4.42.v20210604.jar:/home/user/.m2/repository/org/eclipse/jetty/jetty-plus/9.4.42.v20210604/jetty-plus-9.4.42.v20210604.jar:/home/user/.m2/repository/org/eclipse/jetty/jetty-jndi/9.4.42.v20210604/jetty-jndi-9.4.42.v20210604.jar:/home/user/.m2/repository/org/ow2/asm/asm/9.0/asm-9.0.jar:/home/user/.m2/repository/org/ow2/asm/asm-commons/9.0/asm-commons-9.0.jar:/home/user/.m2/repository/org/ow2/asm/asm-tree/9.0/asm-tree-9.0.jar:/home/user/.m2/repository/org/ow2/asm/asm-analysis/9.0/asm-analysis-9.0.jar:/home/user/.m2/repository/org/eclipse/jetty/jetty-io/9.4.42.v20210604/jetty-io-9.4.42.v20210604.jar:/home/user/.m2/repository/org/eclipse/jetty/jetty-util/9.4.42.v20210604/jetty-util-9.4.42.v20210604.jar:/home/user/.m2/repository/com/github/tomakehurst/wiremock-jre8/2.32.0/wiremock-jre8-2.32.0.jar:/home/user/.m2/repository/org/eclipse/jetty/jetty-servlets/9.4.42.v20210604/jetty-servlets-9.4.42.v20210604.jar:/home/user/.m2/repository/org/eclipse/jetty/jetty-continuation/9.4.42.v20210604/jetty-continuation-9.4.42.v20210604.jar:/home/user/.m2/repository/org/eclipse/jetty/jetty-proxy/9.4.42.v20210604/jetty-proxy-9.4.42.v20210604.jar:/home/user/.m2/repository/org/eclipse/jetty/jetty-client/9.4.42.v20210604/jetty-client-9.4.42.v20210604.jar:/home/user/.m2/repository/org/eclipse/jetty/http2/http2-server/9.4.42.v20210604/http2-server-9.4.42.v20210604.jar:/home/user/.m2/repository/org/eclipse/jetty/http2/http2-common/9.4.42.v20210604/http2-common-9.4.42.v20210604.jar:/home/user/.m2/repository/org/eclipse/jetty/http2/http2-hpack/9.4.42.v20210604/http2-hpack-9.4.42.v20210604.jar:/home/user/.m2/repository/org/eclipse/jetty/jetty-alpn-server/9.4.42.v20210604/jetty-alpn-server-9.4.42.v20210604.jar:/home/user/.m2/repository/org/eclipse/jetty/jetty-alpn-java-server/9.4.42.v20210604/jetty-alpn-java-server-9.4.42.v20210604.jar:/home/user/.m2/repository/org/eclipse/jetty/jetty-alpn-openjdk8-server/9.4.42.v20210604/jetty-alpn-openjdk8-server-9.4.42.v20210604.jar:/home/user/.m2/repository/org/eclipse/jetty/jetty-alpn-java-client/9.4.42.v20210604/jetty-alpn-java-client-9.4.42.v20210604.jar:/home/user/.m2/repository/org/eclipse/jetty/jetty-alpn-client/9.4.42.v20210604/jetty-alpn-client-9.4.42.v20210604.jar:/home/user/.m2/repository/org/eclipse/jetty/jetty-alpn-openjdk8-client/9.4.42.v20210604/jetty-alpn-openjdk8-client-9.4.42.v20210604.jar:/home/user/.m2/repository/com/google/guava/guava/31.0.1-jre/guava-31.0.1-jre.jar:/home/user/.m2/repository/com/google/guava/failureaccess/1.0.1/failureaccess-1.0.1.jar:/home/user/.m2/repository/com/google/guava/listenablefuture/9999.0-empty-to-avoid-conflict-with-guava/listenablefuture-9999.0-empty-to-avoid-conflict-with-guava.jar:/home/user/.m2/repository/com/google/code/findbugs/jsr305/3.0.2/jsr305-3.0.2.jar:/home/user/.m2/repository/com/google/j2objc/j2objc-annotations/1.3/j2objc-annotations-1.3.jar:/home/user/.m2/repository/com/fasterxml/jackson/core/jackson-core/2.12.3/jackson-core-2.12.3.jar:/home/user/.m2/repository/com/fasterxml/jackson/core/jackson-annotations/2.12.3/jackson-annotations-2.12.3.jar:/home/user/.m2/repository/org/apache/httpcomponents/client5/httpclient5/5.0.4/httpclient5-5.0.4.jar:/home/user/.m2/repository/org/apache/httpcomponents/core5/httpcore5/5.1.1/httpcore5-5.1.1.jar:/home/user/.m2/repository/org/apache/httpcomponents/core5/httpcore5-h2/5.1.1/httpcore5-h2-5.1.1.jar:/home/user/.m2/repository/org/xmlunit/xmlunit-legacy/2.8.2/xmlunit-legacy-2.8.2.jar:/home/user/.m2/repository/org/xmlunit/xmlunit-placeholders/2.8.2/xmlunit-placeholders-2.8.2.jar:/home/user/.m2/repository/net/javacrumbs/json-unit/json-unit-core/2.28.0/json-unit-core-2.28.0.jar:/home/user/.m2/repository/net/sf/jopt-simple/jopt-simple/5.0.4/jopt-simple-5.0.4.jar:/home/user/.m2/repository/org/apache/commons/commons-lang3/3.12.0/commons-lang3-3.12.0.jar:/home/user/.m2/repository/com/github/jknack/handlebars/4.3.0/handlebars-4.3.0.jar:/home/user/.m2/repository/com/github/jknack/handlebars-helpers/4.3.0/handlebars-helpers-4.3.0.jar:/home/user/.m2/repository/commons-fileupload/commons-fileupload/1.4/commons-fileupload-1.4.jar:/home/user/.m2/repository/org/junit/vintage/junit-vintage-engine/5.7.0/junit-vintage-engine-5.7.0.jar:/home/user/.m2/repository/org/apiguardian/apiguardian-api/1.1.0/apiguardian-api-1.1.0.jar:/home/user/.m2/repository/org/junit/platform/junit-platform-engine/1.7.2/junit-platform-engine-1.7.2.jar:/home/user/.m2/repository/org/junit/jupiter/junit-jupiter-engine/5.7.2/junit-jupiter-engine-5.7.2.jar:"/>
    <property name="sun.cpu.endian" value="little"/>
    <property name="user.home" value="/home/user"/>
    <property name="user.language" value="en"/>
    <property name="java.specification.vendor" value="Oracle Corporation"/>
    <property name="java.version.date" value="2020-02-12"/>
    <property name="java.home" value="/usr/lib/sapmachine-jdk/sapmachine-jdk-11.0.6.0.1"/>
    <property name="file.separator" value="/"/>
    <property name="basedir" value="/home/user/projects/app_spring_xsuaa"/>
    <property name="java.vm.compressedOopsMode" value="Zero based"/>
    <property name="line.separator" value="&#10;"/>
    <property name="java.specification.name" value="Java Platform API Specification"/>
    <property name="java.vm.specification.vendor" value="Oracle Corporation"/>
    <property name="FILE_LOG_CHARSET" value="US-ASCII"/>
    <property name="java.awt.graphicsenv" value="sun.awt.X11GraphicsEnvironment"/>
    <property name="java.awt.headless" value="true"/>
    <property name="surefire.real.class.path" value="/home/user/projects/app_spring_xsuaa/target/surefire/surefirebooter6764416912968135497.jar"/>
    <property name="sun.management.compiler" value="HotSpot 64-Bit Tiered Compilers"/>
    <property name="org.eclipse.jetty.http.HttpGenerator.STRICT" value="true"/>
    <property name="java.runtime.version" value="11.0.6.0.1+10-LTS-sapmachine"/>
    <property name="user.name" value="user"/>
    <property name="path.separator" value=":"/>
    <property name="os.version" value="5.4.0-6-cloud-amd64"/>
    <property name="java.runtime.name" value="OpenJDK Runtime Environment"/>
    <property name="file.encoding" value="ANSI_X3.4-1968"/>
    <property name="spring.beaninfo.ignore" value="true"/>
    <property name="java.vm.name" value="OpenJDK 64-Bit Server VM"/>
    <property name="localRepository" value="/home/user/.m2/repository"/>
    <property name="javax.xml.xpath.XPathFactory:http://java.sun.com/jaxp/xpath/dom" value="com.sun.org.apache.xpath.internal.jaxp.XPathFactoryImpl"/>
    <property name="java.vendor.url.bug" value="https://github.com/SAP/SapMachine/issues/new"/>
    <property name="jetty.git.hash" value="5cd5e6d2375eeab146813b0de9f19eda6ab6e6cb"/>
    <property name="java.io.tmpdir" value="/tmp"/>
    <property name="java.version" value="11.0.6.0.1"/>
    <property name="user.dir" value="/home/user/projects/app_spring_xsuaa"/>
    <property name="os.arch" value="amd64"/>
    <property name="java.vm.specification.name" value="Java Virtual Machine Specification"/>
    <property name="PID" value="75"/>
    <property name="java.awt.printerjob" value="sun.print.PSPrinterJob"/>
    <property name="sun.os.patch.level" value="unknown"/>
    <property name="CONSOLE_LOG_CHARSET" value="US-ASCII"/>
    <property name="java.library.path" value="/usr/java/packages/lib:/usr/lib64:/lib64:/lib:/usr/lib"/>
    <property name="java.vendor" value="SAP SE"/>
    <property name="java.vm.info" value="mixed mode"/>
    <property name="java.vm.version" value="11.0.6.0.1+10-LTS-sapmachine"/>
    <property name="sun.io.unicode.encoding" value="UnicodeLittle"/>
    <property name="javax.xml.transform.TransformerFactory" value="com.sun.org.apache.xalan.internal.xsltc.trax.TransformerFactoryImpl"/>
    <property name="java.class.version" value="55.0"/>
  </properties>
  <testcase name="whenSpringContextIsBootstrapped_thenNoExceptions" classname="sample.spring.xsuaa.junitjupiter.ApplicationTest" time="0.013"/>
</testsuite>